(0000) 3000  0011000000000000 (   5)                 .ORIG x3000
(3000) 54A0  0101010010100000 (   6)                 AND   R2 R2 #0
(3001) A02E  1010000000101110 (   7)                 LDI   R0 Q1STR
(3002) F022  1111000000100010 (   8)                 TRAP  x22
(3003) 481F  0100100000011111 (   9)                 JSR   RES2
(3004) F026  1111000000100110 (  10)                 TRAP  x26
(3005) 222B  0010001000101011 (  11)                 LD    R1 Q1PTS
(3006) 4821  0100100000100001 (  12)                 JSR   CALC
(3007) A02A  1010000000101010 (  14)                 LDI   R0 Q2STR
(3008) F022  1111000000100010 (  15)                 TRAP  x22
(3009) 4819  0100100000011001 (  16)                 JSR   RES2
(300A) F026  1111000000100110 (  17)                 TRAP  x26
(300B) 2227  0010001000100111 (  18)                 LD    R1 Q2PTS
(300C) 481B  0100100000011011 (  19)                 JSR   CALC
(300D) A026  1010000000100110 (  21)                 LDI   R0 Q3STR
(300E) F022  1111000000100010 (  22)                 TRAP  x22
(300F) 4813  0100100000010011 (  23)                 JSR   RES2
(3010) F026  1111000000100110 (  24)                 TRAP  x26
(3011) 2223  0010001000100011 (  25)                 LD    R1 Q3PTS
(3012) 4815  0100100000010101 (  26)                 JSR   CALC
(3013) E02C  1110000000101100 (  28)                 LEA   R0 ANS
(3014) F022  1111000000100010 (  29)                 TRAP  x22
(3015) 2020  0010000000100000 (  30)                 LD    R0 RESULTS
(3016) 2617  0010011000010111 (  31)                 LD    R3 HIGH
(3017) 16C2  0001011011000010 (  32)                 ADD   R3 R3 R2
(3018) 0607  0000011000000111 (  33)                 BRZP  DONEH
(3019) 2615  0010011000010101 (  34)                 LD    R3 LOW
(301A) 16C2  0001011011000010 (  35)                 ADD   R3 R3 R2
(301B) 0C02  0000110000000010 (  36)                 BRNZ  DONEL
(301C) 6001  0110000000000001 (  37)                 LDR   R0 R0 #1
(301D) 0E03  0000111000000011 (  38)                 BRNZP DONE
(301E) 6002  0110000000000010 (  39) DONEL           LDR   R0 R0 #2
(301F) 0E01  0000111000000001 (  40)                 BRNZP DONE
(3020) 6000  0110000000000000 (  41) DONEH           LDR   R0 R0 #0
(3021) F022  1111000000100010 (  42) DONE            TRAP  x22
(3022) F025  1111000000100101 (  43)                 TRAP  x25
(3023) E013  1110000000010011 (  45) RES2            LEA   R0 RES
(3024) 3E08  0011111000001000 (  46)                 ST    R7 SAVER7
(3025) F022  1111000000100010 (  47)                 TRAP  x22
(3026) 2E06  0010111000000110 (  48)                 LD    R7 SAVER7
(3027) C1C0  1100000111000000 (  49)                 RET   
(3028) 103F  0001000000111111 (  51) CALC            ADD   R0 R0 #-1
(3029) 1040  0001000001000000 (  52)                 ADD   R0 R1 R0
(302A) 6000  0110000000000000 (  53)                 LDR   R0 R0 #0
(302B) 1402  0001010000000010 (  54)                 ADD   R2 R0 R2
(302C) C1C0  1100000111000000 (  55)                 RET   
(302D) 0000  0000000000000000 (  57) SAVER7          .FILL x0000
(302E) FFE5  1111111111100101 (  58) HIGH            .FILL xFFE5
(302F) FFEC  1111111111101100 (  59) LOW             .FILL xFFEC
(3030) 3500  0011010100000000 (  60) Q1STR           .FILL x3500
(3031) 3501  0011010100000001 (  61) Q1PTS           .FILL x3501
(3032) 3505  0011010100000101 (  62) Q2STR           .FILL x3505
(3033) 3506  0011010100000110 (  63) Q2PTS           .FILL x3506
(3034) 350A  0011010100001010 (  64) Q3STR           .FILL x350A
(3035) 350B  0011010100001011 (  65) Q3PTS           .FILL x350B
(3036) 350F  0011010100001111 (  66) RESULTS         .FILL x350F
(3037) 0041  0000000001000001 (  67) RES             .FILL x0041
(3038) 006E  0000000001101110 (  67)                 .FILL x006E
(3039) 0073  0000000001110011 (  67)                 .FILL x0073
(303A) 0077  0000000001110111 (  67)                 .FILL x0077
(303B) 0065  0000000001100101 (  67)                 .FILL x0065
(303C) 0072  0000000001110010 (  67)                 .FILL x0072
(303D) 003A  0000000000111010 (  67)                 .FILL x003A
(303E) 0020  0000000000100000 (  67)                 .FILL x0020
(303F) 0000  0000000000000000 (  67)                 .FILL x0000
(3040) 000A  0000000000001010 (  68) ANS             .FILL x000A
(3041) 0052  0000000001010010 (  68)                 .FILL x0052
(3042) 0065  0000000001100101 (  68)                 .FILL x0065
(3043) 0073  0000000001110011 (  68)                 .FILL x0073
(3044) 0075  0000000001110101 (  68)                 .FILL x0075
(3045) 006C  0000000001101100 (  68)                 .FILL x006C
(3046) 0074  0000000001110100 (  68)                 .FILL x0074
(3047) 003A  0000000000111010 (  68)                 .FILL x003A
(3048) 0020  0000000000100000 (  68)                 .FILL x0020
(3049) 0000  0000000000000000 (  68)                 .FILL x0000
