(0000) 3500  0011010100000000 (   1)                 .ORIG x3500
(3500) 3512  0011010100010010 (   4) Q1STR           .FILL x3512
(3501) 000A  0000000000001010 (   5) Q1PTS           .FILL x000A
(3502) 0005  0000000000000101 (   6)                 .FILL x0005
(3503) 0000  0000000000000000 (   7)                 .FILL x0000
(3504) 0002  0000000000000010 (   8)                 .FILL x0002
(3505) 357D  0011010101111101 (  11) Q2STR           .FILL x357D
(3506) 0002  0000000000000010 (  12) Q2PTS           .FILL x0002
(3507) 000A  0000000000001010 (  13)                 .FILL x000A
(3508) 0001  0000000000000001 (  14)                 .FILL x0001
(3509) 0000  0000000000000000 (  15)                 .FILL x0000
(350A) 35D9  0011010111011001 (  18) Q3STR           .FILL x35D9
(350B) 0000  0000000000000000 (  19) Q3PTS           .FILL x0000
(350C) 0005  0000000000000101 (  20)                 .FILL x0005
(350D) 0007  0000000000000111 (  21)                 .FILL x0007
(350E) 000A  0000000000001010 (  22)                 .FILL x000A
(350F) 3621  0011011000100001 (  25) RESULTS         .FILL x3621
(3510) 362A  0011011000101010 (  26)                 .FILL x362A
(3511) 3633  0011011000110011 (  27)                 .FILL x3633
(3512) 000A  0000000000001010 (  30) Q1              .FILL x000A
(3513) 0057  0000000001010111 (  30)                 .FILL x0057
(3514) 0068  0000000001101000 (  30)                 .FILL x0068
(3515) 006F  0000000001101111 (  30)                 .FILL x006F
(3516) 0020  0000000000100000 (  30)                 .FILL x0020
(3517) 0069  0000000001101001 (  30)                 .FILL x0069
(3518) 0073  0000000001110011 (  30)                 .FILL x0073
(3519) 0020  0000000000100000 (  30)                 .FILL x0020
(351A) 0074  0000000001110100 (  30)                 .FILL x0074
(351B) 0068  0000000001101000 (  30)                 .FILL x0068
(351C) 0065  0000000001100101 (  30)                 .FILL x0065
(351D) 0020  0000000000100000 (  30)                 .FILL x0020
(351E) 0062  0000000001100010 (  30)                 .FILL x0062
(351F) 0065  0000000001100101 (  30)                 .FILL x0065
(3520) 0073  0000000001110011 (  30)                 .FILL x0073
(3521) 0074  0000000001110100 (  30)                 .FILL x0074
(3522) 0020  0000000000100000 (  30)                 .FILL x0020
(3523) 0061  0000000001100001 (  30)                 .FILL x0061
(3524) 006E  0000000001101110 (  30)                 .FILL x006E
(3525) 0069  0000000001101001 (  30)                 .FILL x0069
(3526) 006D  0000000001101101 (  30)                 .FILL x006D
(3527) 0065  0000000001100101 (  30)                 .FILL x0065
(3528) 003F  0000000000111111 (  30)                 .FILL x003F
(3529) 000A  0000000000001010 (  30)                 .FILL x000A
(352A) 0020  0000000000100000 (  30)                 .FILL x0020
(352B) 0020  0000000000100000 (  30)                 .FILL x0020
(352C) 0020  0000000000100000 (  30)                 .FILL x0020
(352D) 0020  0000000000100000 (  30)                 .FILL x0020
(352E) 0031  0000000000110001 (  30)                 .FILL x0031
(352F) 0029  0000000000101001 (  30)                 .FILL x0029
(3530) 0020  0000000000100000 (  30)                 .FILL x0020
(3531) 0043  0000000001000011 (  30)                 .FILL x0043
(3532) 006F  0000000001101111 (  30)                 .FILL x006F
(3533) 0072  0000000001110010 (  30)                 .FILL x0072
(3534) 0065  0000000001100101 (  30)                 .FILL x0065
(3535) 0079  0000000001111001 (  30)                 .FILL x0079
(3536) 0020  0000000000100000 (  30)                 .FILL x0020
(3537) 0069  0000000001101001 (  30)                 .FILL x0069
(3538) 006E  0000000001101110 (  30)                 .FILL x006E
(3539) 0020  0000000000100000 (  30)                 .FILL x0020
(353A) 0074  0000000001110100 (  30)                 .FILL x0074
(353B) 0068  0000000001101000 (  30)                 .FILL x0068
(353C) 0065  0000000001100101 (  30)                 .FILL x0065
(353D) 0020  0000000000100000 (  30)                 .FILL x0020
(353E) 0068  0000000001101000 (  30)                 .FILL x0068
(353F) 006F  0000000001101111 (  30)                 .FILL x006F
(3540) 0075  0000000001110101 (  30)                 .FILL x0075
(3541) 0073  0000000001110011 (  30)                 .FILL x0073
(3542) 0065  0000000001100101 (  30)                 .FILL x0065
(3543) 000A  0000000000001010 (  30)                 .FILL x000A
(3544) 0020  0000000000100000 (  30)                 .FILL x0020
(3545) 0020  0000000000100000 (  30)                 .FILL x0020
(3546) 0020  0000000000100000 (  30)                 .FILL x0020
(3547) 0020  0000000000100000 (  30)                 .FILL x0020
(3548) 0032  0000000000110010 (  30)                 .FILL x0032
(3549) 0029  0000000000101001 (  30)                 .FILL x0029
(354A) 0020  0000000000100000 (  30)                 .FILL x0020
(354B) 0053  0000000001010011 (  30)                 .FILL x0053
(354C) 0070  0000000001110000 (  30)                 .FILL x0070
(354D) 006F  0000000001101111 (  30)                 .FILL x006F
(354E) 006E  0000000001101110 (  30)                 .FILL x006E
(354F) 0067  0000000001100111 (  30)                 .FILL x0067
(3550) 0065  0000000001100101 (  30)                 .FILL x0065
(3551) 0062  0000000001100010 (  30)                 .FILL x0062
(3552) 006F  0000000001101111 (  30)                 .FILL x006F
(3553) 0062  0000000001100010 (  30)                 .FILL x0062
(3554) 000A  0000000000001010 (  30)                 .FILL x000A
(3555) 0020  0000000000100000 (  30)                 .FILL x0020
(3556) 0020  0000000000100000 (  30)                 .FILL x0020
(3557) 0020  0000000000100000 (  30)                 .FILL x0020
(3558) 0020  0000000000100000 (  30)                 .FILL x0020
(3559) 0033  0000000000110011 (  30)                 .FILL x0033
(355A) 0029  0000000000101001 (  30)                 .FILL x0029
(355B) 0020  0000000000100000 (  30)                 .FILL x0020
(355C) 0042  0000000001000010 (  30)                 .FILL x0042
(355D) 0065  0000000001100101 (  30)                 .FILL x0065
(355E) 0072  0000000001110010 (  30)                 .FILL x0072
(355F) 0073  0000000001110011 (  30)                 .FILL x0073
(3560) 0065  0000000001100101 (  30)                 .FILL x0065
(3561) 0072  0000000001110010 (  30)                 .FILL x0072
(3562) 006B  0000000001101011 (  30)                 .FILL x006B
(3563) 0020  0000000000100000 (  30)                 .FILL x0020
(3564) 0028  0000000000101000 (  30)                 .FILL x0028
(3565) 0032  0000000000110010 (  30)                 .FILL x0032
(3566) 0030  0000000000110000 (  30)                 .FILL x0030
(3567) 0031  0000000000110001 (  30)                 .FILL x0031
(3568) 0036  0000000000110110 (  30)                 .FILL x0036
(3569) 0029  0000000000101001 (  30)                 .FILL x0029
(356A) 000A  0000000000001010 (  30)                 .FILL x000A
(356B) 0020  0000000000100000 (  30)                 .FILL x0020
(356C) 0020  0000000000100000 (  30)                 .FILL x0020
(356D) 0020  0000000000100000 (  30)                 .FILL x0020
(356E) 0020  0000000000100000 (  30)                 .FILL x0020
(356F) 0034  0000000000110100 (  30)                 .FILL x0034
(3570) 0029  0000000000101001 (  30)                 .FILL x0029
(3571) 0020  0000000000100000 (  30)                 .FILL x0020
(3572) 004D  0000000001001101 (  30)                 .FILL x004D
(3573) 006F  0000000001101111 (  30)                 .FILL x006F
(3574) 006A  0000000001101010 (  30)                 .FILL x006A
(3575) 006F  0000000001101111 (  30)                 .FILL x006F
(3576) 006A  0000000001101010 (  30)                 .FILL x006A
(3577) 006F  0000000001101111 (  30)                 .FILL x006F
(3578) 0020  0000000000100000 (  30)                 .FILL x0020
(3579) 0042  0000000001000010 (  30)                 .FILL x0042
(357A) 0041  0000000001000001 (  30)                 .FILL x0041
(357B) 000A  0000000000001010 (  30)                 .FILL x000A
(357C) 0000  0000000000000000 (  30)                 .FILL x0000
(357D) 000A  0000000000001010 (  31) Q2              .FILL x000A
(357E) 0057  0000000001010111 (  31)                 .FILL x0057
(357F) 0068  0000000001101000 (  31)                 .FILL x0068
(3580) 0061  0000000001100001 (  31)                 .FILL x0061
(3581) 0074  0000000001110100 (  31)                 .FILL x0074
(3582) 0020  0000000000100000 (  31)                 .FILL x0020
(3583) 0069  0000000001101001 (  31)                 .FILL x0069
(3584) 0073  0000000001110011 (  31)                 .FILL x0073
(3585) 0020  0000000000100000 (  31)                 .FILL x0020
(3586) 0074  0000000001110100 (  31)                 .FILL x0074
(3587) 0068  0000000001101000 (  31)                 .FILL x0068
(3588) 0065  0000000001100101 (  31)                 .FILL x0065
(3589) 0020  0000000000100000 (  31)                 .FILL x0020
(358A) 006D  0000000001101101 (  31)                 .FILL x006D
(358B) 006F  0000000001101111 (  31)                 .FILL x006F
(358C) 0073  0000000001110011 (  31)                 .FILL x0073
(358D) 0074  0000000001110100 (  31)                 .FILL x0074
(358E) 0020  0000000000100000 (  31)                 .FILL x0020
(358F) 0070  0000000001110000 (  31)                 .FILL x0070
(3590) 006F  0000000001101111 (  31)                 .FILL x006F
(3591) 0077  0000000001110111 (  31)                 .FILL x0077
(3592) 0065  0000000001100101 (  31)                 .FILL x0065
(3593) 0072  0000000001110010 (  31)                 .FILL x0072
(3594) 0066  0000000001100110 (  31)                 .FILL x0066
(3595) 0075  0000000001110101 (  31)                 .FILL x0075
(3596) 006C  0000000001101100 (  31)                 .FILL x006C
(3597) 0020  0000000000100000 (  31)                 .FILL x0020
(3598) 0077  0000000001110111 (  31)                 .FILL x0077
(3599) 0065  0000000001100101 (  31)                 .FILL x0065
(359A) 0061  0000000001100001 (  31)                 .FILL x0061
(359B) 0070  0000000001110000 (  31)                 .FILL x0070
(359C) 006F  0000000001101111 (  31)                 .FILL x006F
(359D) 006E  0000000001101110 (  31)                 .FILL x006E
(359E) 003F  0000000000111111 (  31)                 .FILL x003F
(359F) 000A  0000000000001010 (  31)                 .FILL x000A
(35A0) 0020  0000000000100000 (  31)                 .FILL x0020
(35A1) 0020  0000000000100000 (  31)                 .FILL x0020
(35A2) 0020  0000000000100000 (  31)                 .FILL x0020
(35A3) 0020  0000000000100000 (  31)                 .FILL x0020
(35A4) 0031  0000000000110001 (  31)                 .FILL x0031
(35A5) 0029  0000000000101001 (  31)                 .FILL x0029
(35A6) 0020  0000000000100000 (  31)                 .FILL x0020
(35A7) 0043  0000000001000011 (  31)                 .FILL x0043
(35A8) 006F  0000000001101111 (  31)                 .FILL x006F
(35A9) 006D  0000000001101101 (  31)                 .FILL x006D
(35AA) 006D  0000000001101101 (  31)                 .FILL x006D
(35AB) 0075  0000000001110101 (  31)                 .FILL x0075
(35AC) 0073  0000000001110011 (  31)                 .FILL x0073
(35AD) 0069  0000000001101001 (  31)                 .FILL x0069
(35AE) 006F  0000000001101111 (  31)                 .FILL x006F
(35AF) 006E  0000000001101110 (  31)                 .FILL x006E
(35B0) 000A  0000000000001010 (  31)                 .FILL x000A
(35B1) 0020  0000000000100000 (  31)                 .FILL x0020
(35B2) 0020  0000000000100000 (  31)                 .FILL x0020
(35B3) 0020  0000000000100000 (  31)                 .FILL x0020
(35B4) 0020  0000000000100000 (  31)                 .FILL x0020
(35B5) 0032  0000000000110010 (  31)                 .FILL x0032
(35B6) 0029  0000000000101001 (  31)                 .FILL x0029
(35B7) 0020  0000000000100000 (  31)                 .FILL x0020
(35B8) 0044  0000000001000100 (  31)                 .FILL x0044
(35B9) 004C  0000000001001100 (  31)                 .FILL x004C
(35BA) 0043  0000000001000011 (  31)                 .FILL x0043
(35BB) 000A  0000000000001010 (  31)                 .FILL x000A
(35BC) 0020  0000000000100000 (  31)                 .FILL x0020
(35BD) 0020  0000000000100000 (  31)                 .FILL x0020
(35BE) 0020  0000000000100000 (  31)                 .FILL x0020
(35BF) 0020  0000000000100000 (  31)                 .FILL x0020
(35C0) 0033  0000000000110011 (  31)                 .FILL x0033
(35C1) 0029  0000000000101001 (  31)                 .FILL x0029
(35C2) 0020  0000000000100000 (  31)                 .FILL x0020
(35C3) 0053  0000000001010011 (  31)                 .FILL x0053
(35C4) 0041  0000000001000001 (  31)                 .FILL x0041
(35C5) 0056  0000000001010110 (  31)                 .FILL x0056
(35C6) 0045  0000000001000101 (  31)                 .FILL x0045
(35C7) 002F  0000000000101111 (  31)                 .FILL x002F
(35C8) 004C  0000000001001100 (  31)                 .FILL x004C
(35C9) 004F  0000000001001111 (  31)                 .FILL x004F
(35CA) 0041  0000000001000001 (  31)                 .FILL x0041
(35CB) 0044  0000000001000100 (  31)                 .FILL x0044
(35CC) 000A  0000000000001010 (  31)                 .FILL x000A
(35CD) 0020  0000000000100000 (  31)                 .FILL x0020
(35CE) 0020  0000000000100000 (  31)                 .FILL x0020
(35CF) 0020  0000000000100000 (  31)                 .FILL x0020
(35D0) 0020  0000000000100000 (  31)                 .FILL x0020
(35D1) 0034  0000000000110100 (  31)                 .FILL x0034
(35D2) 0029  0000000000101001 (  31)                 .FILL x0029
(35D3) 0020  0000000000100000 (  31)                 .FILL x0020
(35D4) 0053  0000000001010011 (  31)                 .FILL x0053
(35D5) 0041  0000000001000001 (  31)                 .FILL x0041
(35D6) 004C  0000000001001100 (  31)                 .FILL x004C
(35D7) 0054  0000000001010100 (  31)                 .FILL x0054
(35D8) 0000  0000000000000000 (  31)                 .FILL x0000
(35D9) 000A  0000000000001010 (  32) Q3              .FILL x000A
(35DA) 0057  0000000001010111 (  32)                 .FILL x0057
(35DB) 0068  0000000001101000 (  32)                 .FILL x0068
(35DC) 0061  0000000001100001 (  32)                 .FILL x0061
(35DD) 0074  0000000001110100 (  32)                 .FILL x0074
(35DE) 0020  0000000000100000 (  32)                 .FILL x0020
(35DF) 0069  0000000001101001 (  32)                 .FILL x0069
(35E0) 0073  0000000001110011 (  32)                 .FILL x0073
(35E1) 0020  0000000000100000 (  32)                 .FILL x0020
(35E2) 0074  0000000001110100 (  32)                 .FILL x0074
(35E3) 0068  0000000001101000 (  32)                 .FILL x0068
(35E4) 0065  0000000001100101 (  32)                 .FILL x0065
(35E5) 0020  0000000000100000 (  32)                 .FILL x0020
(35E6) 0062  0000000001100010 (  32)                 .FILL x0062
(35E7) 0065  0000000001100101 (  32)                 .FILL x0065
(35E8) 0073  0000000001110011 (  32)                 .FILL x0073
(35E9) 0074  0000000001110100 (  32)                 .FILL x0074
(35EA) 0020  0000000000100000 (  32)                 .FILL x0020
(35EB) 0074  0000000001110100 (  32)                 .FILL x0074
(35EC) 0072  0000000001110010 (  32)                 .FILL x0072
(35ED) 0061  0000000001100001 (  32)                 .FILL x0061
(35EE) 0070  0000000001110000 (  32)                 .FILL x0070
(35EF) 003F  0000000000111111 (  32)                 .FILL x003F
(35F0) 000A  0000000000001010 (  32)                 .FILL x000A
(35F1) 0020  0000000000100000 (  32)                 .FILL x0020
(35F2) 0020  0000000000100000 (  32)                 .FILL x0020
(35F3) 0020  0000000000100000 (  32)                 .FILL x0020
(35F4) 0020  0000000000100000 (  32)                 .FILL x0020
(35F5) 0031  0000000000110001 (  32)                 .FILL x0031
(35F6) 0029  0000000000101001 (  32)                 .FILL x0029
(35F7) 0020  0000000000100000 (  32)                 .FILL x0020
(35F8) 004F  0000000001001111 (  32)                 .FILL x004F
(35F9) 0055  0000000001010101 (  32)                 .FILL x0055
(35FA) 0054  0000000001010100 (  32)                 .FILL x0054
(35FB) 000A  0000000000001010 (  32)                 .FILL x000A
(35FC) 0020  0000000000100000 (  32)                 .FILL x0020
(35FD) 0020  0000000000100000 (  32)                 .FILL x0020
(35FE) 0020  0000000000100000 (  32)                 .FILL x0020
(35FF) 0020  0000000000100000 (  32)                 .FILL x0020
(3600) 0032  0000000000110010 (  32)                 .FILL x0032
(3601) 0029  0000000000101001 (  32)                 .FILL x0029
(3602) 0020  0000000000100000 (  32)                 .FILL x0020
(3603) 0047  0000000001000111 (  32)                 .FILL x0047
(3604) 0045  0000000001000101 (  32)                 .FILL x0045
(3605) 0054  0000000001010100 (  32)                 .FILL x0054
(3606) 0043  0000000001000011 (  32)                 .FILL x0043
(3607) 000A  0000000000001010 (  32)                 .FILL x000A
(3608) 0020  0000000000100000 (  32)                 .FILL x0020
(3609) 0020  0000000000100000 (  32)                 .FILL x0020
(360A) 0020  0000000000100000 (  32)                 .FILL x0020
(360B) 0020  0000000000100000 (  32)                 .FILL x0020
(360C) 0033  0000000000110011 (  32)                 .FILL x0033
(360D) 0029  0000000000101001 (  32)                 .FILL x0029
(360E) 0020  0000000000100000 (  32)                 .FILL x0020
(360F) 0050  0000000001010000 (  32)                 .FILL x0050
(3610) 0055  0000000001010101 (  32)                 .FILL x0055
(3611) 0054  0000000001010100 (  32)                 .FILL x0054
(3612) 000A  0000000000001010 (  32)                 .FILL x000A
(3613) 0020  0000000000100000 (  32)                 .FILL x0020
(3614) 0020  0000000000100000 (  32)                 .FILL x0020
(3615) 0020  0000000000100000 (  32)                 .FILL x0020
(3616) 0020  0000000000100000 (  32)                 .FILL x0020
(3617) 0034  0000000000110100 (  32)                 .FILL x0034
(3618) 0029  0000000000101001 (  32)                 .FILL x0029
(3619) 0020  0000000000100000 (  32)                 .FILL x0020
(361A) 0046  0000000001000110 (  32)                 .FILL x0046
(361B) 0045  0000000001000101 (  32)                 .FILL x0045
(361C) 004C  0000000001001100 (  32)                 .FILL x004C
(361D) 0049  0000000001001001 (  32)                 .FILL x0049
(361E) 0058  0000000001011000 (  32)                 .FILL x0058
(361F) 000A  0000000000001010 (  32)                 .FILL x000A
(3620) 0000  0000000000000000 (  32)                 .FILL x0000
(3621) 0047  0000000001000111 (  34) GOODMSG         .FILL x0047
(3622) 004F  0000000001001111 (  34)                 .FILL x004F
(3623) 004F  0000000001001111 (  34)                 .FILL x004F
(3624) 0044  0000000001000100 (  34)                 .FILL x0044
(3625) 0020  0000000000100000 (  34)                 .FILL x0020
(3626) 004A  0000000001001010 (  34)                 .FILL x004A
(3627) 004F  0000000001001111 (  34)                 .FILL x004F
(3628) 0042  0000000001000010 (  34)                 .FILL x0042
(3629) 0000  0000000000000000 (  34)                 .FILL x0000
(362A) 0059  0000000001011001 (  35) PASSMSG         .FILL x0059
(362B) 004F  0000000001001111 (  35)                 .FILL x004F
(362C) 0055  0000000001010101 (  35)                 .FILL x0055
(362D) 0020  0000000000100000 (  35)                 .FILL x0020
(362E) 0044  0000000001000100 (  35)                 .FILL x0044
(362F) 0049  0000000001001001 (  35)                 .FILL x0049
(3630) 0045  0000000001000101 (  35)                 .FILL x0045
(3631) 0044  0000000001000100 (  35)                 .FILL x0044
(3632) 0000  0000000000000000 (  35)                 .FILL x0000
(3633) 0047  0000000001000111 (  36) FAILMSG         .FILL x0047
(3634) 0049  0000000001001001 (  36)                 .FILL x0049
(3635) 0054  0000000001010100 (  36)                 .FILL x0054
(3636) 0020  0000000000100000 (  36)                 .FILL x0020
(3637) 0047  0000000001000111 (  36)                 .FILL x0047
(3638) 0055  0000000001010101 (  36)                 .FILL x0055
(3639) 0044  0000000001000100 (  36)                 .FILL x0044
(363A) 0020  0000000000100000 (  36)                 .FILL x0020
(363B) 0053  0000000001010011 (  36)                 .FILL x0053
(363C) 002A  0000000000101010 (  36)                 .FILL x002A
(363D) 002A  0000000000101010 (  36)                 .FILL x002A
(363E) 002A  0000000000101010 (  36)                 .FILL x002A
(363F) 002A  0000000000101010 (  36)                 .FILL x002A
(3640) 002A  0000000000101010 (  36)                 .FILL x002A
(3641) 0000  0000000000000000 (  36)                 .FILL x0000
