(0000) 3300  0011001100000000 (   1)                 .ORIG x3300
(3300) 3E0E  0011111000001110 (   3)                 ST    R7 SAVER7
(3301) 320C  0011001000001100 (   4)                 ST    R1 SAVER1
(3302) A20D  1010001000001101 (   5) CHK1            LDI   R1 KBSR
(3303) 07FE  0000011111111110 (   6)                 BRZP  CHK1
(3304) A00C  1010000000001100 (   7)                 LDI   R0 KBDR
(3305) A20C  1010001000001100 (   8) CHK2            LDI   R1 DSR
(3306) 07FE  0000011111111110 (   9)                 BRZP  CHK2
(3307) B00B  1011000000001011 (  10)                 STI   R0 DDR
(3308) 2204  0010001000000100 (  11)                 LD    R1 OFFSET
(3309) 1001  0001000000000001 (  12)                 ADD   R0 R0 R1
(330A) 2203  0010001000000011 (  13)                 LD    R1 SAVER1
(330B) 2E03  0010111000000011 (  14)                 LD    R7 SAVER7
(330C) C1C0  1100000111000000 (  15)                 RET   
(330D) FFD0  1111111111010000 (  17) OFFSET          .FILL xFFD0
(330E) 0000  0000000000000000 (  18) SAVER1          .FILL x0000
(330F) 0000  0000000000000000 (  19) SAVER7          .FILL x0000
(3310) FE00  1111111000000000 (  20) KBSR            .FILL xFE00
(3311) FE02  1111111000000010 (  21) KBDR            .FILL xFE02
(3312) FE04  1111111000000100 (  22) DSR             .FILL xFE04
(3313) FE06  1111111000000110 (  23) DDR             .FILL xFE06
