(0000) 3000  0011000000000000 (   4)                 .ORIG x3000
(3000) 224A  0010001001001010 (  12)                 LD    R1 Trap_26
(3001) 244A  0010010001001010 (  13)                 LD    R2 Memory
(3002) 7280  0111001010000000 (  14)                 STR   R1 R2 #0
(3003) 2249  0010001001001001 (  16)                 LD    R1 Inturp
(3004) 2449  0010010001001001 (  17)                 LD    R2 KB_Inter
(3005) 7440  0111010001000000 (  18)                 STR   R2 R1 #0
(3006) 2C48  0010110001001000 (  20)                 LD    R6 ThreeK
(3007) E00E  1110000000001110 (  22) MAIN            LEA   R0 INITMSG
(3008) F022  1111000000100010 (  23)                 TRAP  x22
(3009) F026  1111000000100110 (  24)                 TRAP  x26
(300A) F021  1111000000100001 (  25)                 TRAP  x21
(300B) F026  1111000000100110 (  26)                 TRAP  x26
(300C) F021  1111000000100001 (  27)                 TRAP  x21
(300D) F026  1111000000100110 (  28)                 TRAP  x26
(300E) F021  1111000000100001 (  29)                 TRAP  x21
(300F) F026  1111000000100110 (  30)                 TRAP  x26
(3010) F021  1111000000100001 (  31)                 TRAP  x21
(3011) F026  1111000000100110 (  32)                 TRAP  x26
(3012) F021  1111000000100001 (  33)                 TRAP  x21
(3013) E01A  1110000000011010 (  34)                 LEA   R0 ENDMSG
(3014) F022  1111000000100010 (  35)                 TRAP  x22
(3015) 0FF1  0000111111110001 (  36)                 BRNZP MAIN
(3016) 0045  0000000001000101 (  38) INITMSG         .FILL x0045
(3017) 006E  0000000001101110 (  38)                 .FILL x006E
(3018) 0074  0000000001110100 (  38)                 .FILL x0074
(3019) 0065  0000000001100101 (  38)                 .FILL x0065
(301A) 0072  0000000001110010 (  38)                 .FILL x0072
(301B) 0020  0000000000100000 (  38)                 .FILL x0020
(301C) 0066  0000000001100110 (  38)                 .FILL x0066
(301D) 0069  0000000001101001 (  38)                 .FILL x0069
(301E) 0076  0000000001110110 (  38)                 .FILL x0076
(301F) 0065  0000000001100101 (  38)                 .FILL x0065
(3020) 0020  0000000000100000 (  38)                 .FILL x0020
(3021) 0063  0000000001100011 (  38)                 .FILL x0063
(3022) 0068  0000000001101000 (  38)                 .FILL x0068
(3023) 0061  0000000001100001 (  38)                 .FILL x0061
(3024) 0072  0000000001110010 (  38)                 .FILL x0072
(3025) 0061  0000000001100001 (  38)                 .FILL x0061
(3026) 0063  0000000001100011 (  38)                 .FILL x0063
(3027) 0074  0000000001110100 (  38)                 .FILL x0074
(3028) 0065  0000000001100101 (  38)                 .FILL x0065
(3029) 0072  0000000001110010 (  38)                 .FILL x0072
(302A) 0073  0000000001110011 (  38)                 .FILL x0073
(302B) 003A  0000000000111010 (  38)                 .FILL x003A
(302C) 0020  0000000000100000 (  38)                 .FILL x0020
(302D) 0000  0000000000000000 (  38)                 .FILL x0000
(302E) 000A  0000000000001010 (  39) ENDMSG          .FILL x000A
(302F) 0053  0000000001010011 (  39)                 .FILL x0053
(3030) 0075  0000000001110101 (  39)                 .FILL x0075
(3031) 0063  0000000001100011 (  39)                 .FILL x0063
(3032) 0063  0000000001100011 (  39)                 .FILL x0063
(3033) 0065  0000000001100101 (  39)                 .FILL x0065
(3034) 0073  0000000001110011 (  39)                 .FILL x0073
(3035) 0073  0000000001110011 (  39)                 .FILL x0073
(3036) 0021  0000000000100001 (  39)                 .FILL x0021
(3037) 0020  0000000000100000 (  39)                 .FILL x0020
(3038) 0052  0000000001010010 (  39)                 .FILL x0052
(3039) 0075  0000000001110101 (  39)                 .FILL x0075
(303A) 006E  0000000001101110 (  39)                 .FILL x006E
(303B) 006E  0000000001101110 (  39)                 .FILL x006E
(303C) 0069  0000000001101001 (  39)                 .FILL x0069
(303D) 006E  0000000001101110 (  39)                 .FILL x006E
(303E) 0067  0000000001100111 (  39)                 .FILL x0067
(303F) 0020  0000000000100000 (  39)                 .FILL x0020
(3040) 0061  0000000001100001 (  39)                 .FILL x0061
(3041) 0067  0000000001100111 (  39)                 .FILL x0067
(3042) 0061  0000000001100001 (  39)                 .FILL x0061
(3043) 0069  0000000001101001 (  39)                 .FILL x0069
(3044) 006E  0000000001101110 (  39)                 .FILL x006E
(3045) 002E  0000000000101110 (  39)                 .FILL x002E
(3046) 002E  0000000000101110 (  39)                 .FILL x002E
(3047) 002E  0000000000101110 (  39)                 .FILL x002E
(3048) 000A  0000000000001010 (  39)                 .FILL x000A
(3049) 000A  0000000000001010 (  39)                 .FILL x000A
(304A) 0000  0000000000000000 (  39)                 .FILL x0000
(304B) 0026  0000000000100110 (  40) Trap_26         .FILL x0026
(304C) 3300  0011001100000000 (  41) Memory          .FILL x3300
(304D) 3500  0011010100000000 (  42) Inturp          .FILL x3500
(304E) 0180  0000000110000000 (  43) KB_Inter        .FILL x0180
(304F) 3000  0011000000000000 (  44) ThreeK          .FILL x3000
