(0000) 3300  0011001100000000 (   4)                 .ORIG x3300
(3300) 3044  0011000001000100 (   5)                 ST    R0 SAVE0
(3301) 3244  0011001001000100 (   6)                 ST    R1 SAVE1
(3302) 1171  0001000101110001 (   7)                 ADD   R0 R5 #-15
(3303) 103C  0001000000111100 (   8)                 ADD   R0 R0 #-4
(3304) 3042  0011000001000010 (   9)                 ST    R0 COUNT
(3305) 1DBF  0001110110111111 (  11) LOOP            ADD   R6 R6 #-1
(3306) 1DBF  0001110110111111 (  12)                 ADD   R6 R6 #-1
(3307) 7F80  0111111110000000 (  13)                 STR   R7 R6 #0
(3308) 1DBF  0001110110111111 (  14)                 ADD   R6 R6 #-1
(3309) 7B80  0111101110000000 (  15)                 STR   R5 R6 #0
(330A) 1DBF  0001110110111111 (  16)                 ADD   R6 R6 #-1
(330B) 1BA0  0001101110100000 (  17)                 ADD   R5 R6 #0
(330C) 6144  0110000101000100 (  19)                 LDR   R0 R5 #4
(330D) 6000  0110000000000000 (  20)                 LDR   R0 R0 #0
(330E) 1020  0001000000100000 (  21)                 ADD   R0 R0 #0
(330F) 0419  0000010000011001 (  22)                 BRZ   RES0
(3310) 6144  0110000101000100 (  24)                 LDR   R0 R5 #4
(3311) 6000  0110000000000000 (  25)                 LDR   R0 R0 #0
(3312) 6345  0110001101000101 (  26)                 LDR   R1 R5 #5
(3313) 927F  1001001001111111 (  27)                 NOT   R1 R1
(3314) 1261  0001001001100001 (  28)                 ADD   R1 R1 #1
(3315) 1001  0001000000000001 (  29)                 ADD   R0 R0 R1
(3316) 0403  0000010000000011 (  30)                 BRZ   RES1
(3317) 5020  0101000000100000 (  32)                 AND   R0 R0 #0
(3318) 7140  0111000101000000 (  33)                 STR   R0 R5 #0
(3319) 0E03  0000111000000011 (  34)                 BRNZP DONE
(331A) 5020  0101000000100000 (  36) RES1            AND   R0 R0 #0
(331B) 1021  0001000000100001 (  37)                 ADD   R0 R0 #1
(331C) 7140  0111000101000000 (  38)                 STR   R0 R5 #0
(331D) 1DBF  0001110110111111 (  40) DONE            ADD   R6 R6 #-1
(331E) 6145  0110000101000101 (  41)                 LDR   R0 R5 #5
(331F) 7180  0111000110000000 (  42)                 STR   R0 R6 #0
(3320) 1DBF  0001110110111111 (  43)                 ADD   R6 R6 #-1
(3321) 2025  0010000000100101 (  44)                 LD    R0 COUNT
(3322) 1021  0001000000100001 (  45)                 ADD   R0 R0 #1
(3323) 3023  0011000000100011 (  46)                 ST    R0 COUNT
(3324) 7180  0111000110000000 (  47)                 STR   R0 R6 #0
(3325) 2022  0010000000100010 (  48)                 LD    R0 NUM
(3326) 1021  0001000000100001 (  49)                 ADD   R0 R0 #1
(3327) 3020  0011000000100000 (  50)                 ST    R0 NUM
(3328) 0FDC  0000111111011100 (  51)                 BRNZP LOOP
(3329) 5020  0101000000100000 (  53) RES0            AND   R0 R0 #0
(332A) 7140  0111000101000000 (  54)                 STR   R0 R5 #0
(332B) 1DA1  0001110110100001 (  56)                 ADD   R6 R6 #1
(332C) 6B80  0110101110000000 (  57)                 LDR   R5 R6 #0
(332D) 1DA1  0001110110100001 (  58)                 ADD   R6 R6 #1
(332E) 6F80  0110111110000000 (  59)                 LDR   R7 R6 #0
(332F) 1DA1  0001110110100001 (  60)                 ADD   R6 R6 #1
(3330) 61BD  0110000110111101 (  61)                 LDR   R0 R6 #-3
(3331) 7180  0111000110000000 (  62)                 STR   R0 R6 #0
(3332) 1DA3  0001110110100011 (  68) LOOP2           ADD   R6 R6 #3
(3333) 6180  0110000110000000 (  69)                 LDR   R0 R6 #0
(3334) 63BD  0110001110111101 (  70)                 LDR   R1 R6 #-3
(3335) 1001  0001000000000001 (  71)                 ADD   R0 R0 R1
(3336) 7180  0111000110000000 (  72)                 STR   R0 R6 #0
(3337) 1DA1  0001110110100001 (  74)                 ADD   R6 R6 #1
(3338) 6B80  0110101110000000 (  75)                 LDR   R5 R6 #0
(3339) 1DA1  0001110110100001 (  76)                 ADD   R6 R6 #1
(333A) 6F80  0110111110000000 (  77)                 LDR   R7 R6 #0
(333B) 1DA1  0001110110100001 (  78)                 ADD   R6 R6 #1
(333C) 61BD  0110000110111101 (  79)                 LDR   R0 R6 #-3
(333D) 7180  0111000110000000 (  80)                 STR   R0 R6 #0
(333E) 2009  0010000000001001 (  82)                 LD    R0 NUM
(333F) 103F  0001000000111111 (  83)                 ADD   R0 R0 #-1
(3340) 3007  0011000000000111 (  84)                 ST    R0 NUM
(3341) 03F0  0000001111110000 (  85)                 BRP   LOOP2
(3342) 2002  0010000000000010 (  87)                 LD    R0 SAVE0
(3343) 2202  0010001000000010 (  88)                 LD    R1 SAVE1
(3344) C1C0  1100000111000000 (  89)                 RET   
(3345) 0000  0000000000000000 (  91) SAVE0           .FILL x0000
(3346) 0000  0000000000000000 (  92) SAVE1           .FILL x0000
(3347) 0000  0000000000000000 (  93) COUNT           .FILL x0000
(3348) 0000  0000000000000000 (  94) NUM             .FILL x0000
