(0000) 3000  0011000000000000 (  10)                 .ORIG x3000
(3000) 5260  0101001001100000 (  11)                 AND   R1 R1 #0
(3001) 54A0  0101010010100000 (  12)                 AND   R2 R2 #0
(3002) 14A1  0001010010100001 (  13)                 ADD   R2 R2 #1
(3003) 2E2A  0010111000101010 (  14)                 LD    R7 LOADR
(3004) E863  1110100001100011 (  15)                 LEA   R4 WORD
(3005) 7300  0111001100000000 (  16) CLEAR           STR   R1 R4 #0
(3006) 1921  0001100100100001 (  17)                 ADD   R4 R4 #1
(3007) 1FFF  0001111111111111 (  18)                 ADD   R7 R7 #-1
(3008) 03FC  0000001111111100 (  19)                 BRP   CLEAR
(3009) E85E  1110100001011110 (  21)                 LEA   R4 WORD
(300A) 2A23  0010101000100011 (  22)                 LD    R5 LOADR
(300B) E025  1110000000100101 (  24)                 LEA   R0 NUM
(300C) F022  1111000000100010 (  25)                 TRAP  x22
(300D) F020  1111000000100000 (  26)                 TRAP  x20
(300E) F021  1111000000100001 (  27)                 TRAP  x21
(300F) 1240  0001001001000000 (  28)                 ADD   R1 R1 R0
(3010) 1270  0001001001110000 (  29)                 ADD   R1 R1 #-16
(3011) 1270  0001001001110000 (  30)                 ADD   R1 R1 #-16
(3012) 1270  0001001001110000 (  31)                 ADD   R1 R1 #-16
(3013) E02E  1110000000101110 (  33)                 LEA   R0 CHAR
(3014) F022  1111000000100010 (  34)                 TRAP  x22
(3015) 56E0  0101011011100000 (  35) LOOP            AND   R3 R3 #0
(3016) F020  1111000000100000 (  36)                 TRAP  x20
(3017) 5DA0  0101110110100000 (  37)                 AND   R6 R6 #0
(3018) 1DB6  0001110110110110 (  38)                 ADD   R6 R6 #-10
(3019) 1D80  0001110110000000 (  39)                 ADD   R6 R6 R0
(301A) 040C  0000010000001100 (  40)                 BRZ   NEXT
(301B) F021  1111000000100001 (  41)                 TRAP  x21
(301C) 16C0  0001011011000000 (  42)                 ADD   R3 R3 R0
(301D) 56C2  0101011011000010 (  43)                 AND   R3 R3 R2
(301E) 0202  0000001000000010 (  44)                 BRP   JUMP
(301F) 1021  0001000000100001 (  45)                 ADD   R0 R0 #1
(3020) 0E01  0000111000000001 (  46)                 BRNZP SKIP
(3021) 103F  0001000000111111 (  47) JUMP            ADD   R0 R0 #-1
(3022) 1001  0001000000000001 (  48) SKIP            ADD   R0 R0 R1
(3023) 7100  0111000100000000 (  49)                 STR   R0 R4 #0
(3024) 1921  0001100100100001 (  50)                 ADD   R4 R4 #1
(3025) 1B7F  0001101101111111 (  51)                 ADD   R5 R5 #-1
(3026) 03EE  0000001111101110 (  52)                 BRP   LOOP
(3027) 2007  0010000000000111 (  54) NEXT            LD    R0 NL
(3028) F021  1111000000100001 (  55)                 TRAP  x21
(3029) E02A  1110000000101010 (  56)                 LEA   R0 MESS
(302A) F022  1111000000100010 (  57)                 TRAP  x22
(302B) E03C  1110000000111100 (  58)                 LEA   R0 WORD
(302C) F022  1111000000100010 (  59)                 TRAP  x22
(302D) F025  1111000000100101 (  60)                 TRAP  x25
(302E) 0014  0000000000010100 (  62) LOADR           .FILL x0014
(302F) 000A  0000000000001010 (  63) NL              .FILL x000A
(3030) 0000  0000000000000000 (  63)                 .FILL x0000
(3031) 0045  0000000001000101 (  64) NUM             .FILL x0045
(3032) 006E  0000000001101110 (  64)                 .FILL x006E
(3033) 0074  0000000001110100 (  64)                 .FILL x0074
(3034) 0065  0000000001100101 (  64)                 .FILL x0065
(3035) 0072  0000000001110010 (  64)                 .FILL x0072
(3036) 0020  0000000000100000 (  64)                 .FILL x0020
(3037) 0061  0000000001100001 (  64)                 .FILL x0061
(3038) 0020  0000000000100000 (  64)                 .FILL x0020
(3039) 006E  0000000001101110 (  64)                 .FILL x006E
(303A) 0075  0000000001110101 (  64)                 .FILL x0075
(303B) 006D  0000000001101101 (  64)                 .FILL x006D
(303C) 0062  0000000001100010 (  64)                 .FILL x0062
(303D) 0065  0000000001100101 (  64)                 .FILL x0065
(303E) 0072  0000000001110010 (  64)                 .FILL x0072
(303F) 003A  0000000000111010 (  64)                 .FILL x003A
(3040) 0020  0000000000100000 (  64)                 .FILL x0020
(3041) 0000  0000000000000000 (  64)                 .FILL x0000
(3042) 000A  0000000000001010 (  65) CHAR            .FILL x000A
(3043) 0045  0000000001000101 (  65)                 .FILL x0045
(3044) 006E  0000000001101110 (  65)                 .FILL x006E
(3045) 0074  0000000001110100 (  65)                 .FILL x0074
(3046) 0065  0000000001100101 (  65)                 .FILL x0065
(3047) 0072  0000000001110010 (  65)                 .FILL x0072
(3048) 0020  0000000000100000 (  65)                 .FILL x0020
(3049) 0061  0000000001100001 (  65)                 .FILL x0061
(304A) 0020  0000000000100000 (  65)                 .FILL x0020
(304B) 0070  0000000001110000 (  65)                 .FILL x0070
(304C) 0068  0000000001101000 (  65)                 .FILL x0068
(304D) 0072  0000000001110010 (  65)                 .FILL x0072
(304E) 0061  0000000001100001 (  65)                 .FILL x0061
(304F) 0073  0000000001110011 (  65)                 .FILL x0073
(3050) 0065  0000000001100101 (  65)                 .FILL x0065
(3051) 003A  0000000000111010 (  65)                 .FILL x003A
(3052) 0020  0000000000100000 (  65)                 .FILL x0020
(3053) 0000  0000000000000000 (  65)                 .FILL x0000
(3054) 0045  0000000001000101 (  66) MESS            .FILL x0045
(3055) 006E  0000000001101110 (  66)                 .FILL x006E
(3056) 0063  0000000001100011 (  66)                 .FILL x0063
(3057) 0072  0000000001110010 (  66)                 .FILL x0072
(3058) 0079  0000000001111001 (  66)                 .FILL x0079
(3059) 0070  0000000001110000 (  66)                 .FILL x0070
(305A) 0074  0000000001110100 (  66)                 .FILL x0074
(305B) 0065  0000000001100101 (  66)                 .FILL x0065
(305C) 0064  0000000001100100 (  66)                 .FILL x0064
(305D) 0020  0000000000100000 (  66)                 .FILL x0020
(305E) 004D  0000000001001101 (  66)                 .FILL x004D
(305F) 0065  0000000001100101 (  66)                 .FILL x0065
(3060) 0073  0000000001110011 (  66)                 .FILL x0073
(3061) 0073  0000000001110011 (  66)                 .FILL x0073
(3062) 0061  0000000001100001 (  66)                 .FILL x0061
(3063) 0067  0000000001100111 (  66)                 .FILL x0067
(3064) 0065  0000000001100101 (  66)                 .FILL x0065
(3065) 003A  0000000000111010 (  66)                 .FILL x003A
(3066) 0020  0000000000100000 (  66)                 .FILL x0020
(3067) 0000  0000000000000000 (  66)                 .FILL x0000
(3068) 0000  0000000000000000 (  68) WORD            .FILL x0000
(3069) 0000  0000000000000000 (  68)                 .FILL x0000
(306A) 0000  0000000000000000 (  68)                 .FILL x0000
(306B) 0000  0000000000000000 (  68)                 .FILL x0000
(306C) 0000  0000000000000000 (  68)                 .FILL x0000
(306D) 0000  0000000000000000 (  68)                 .FILL x0000
(306E) 0000  0000000000000000 (  68)                 .FILL x0000
(306F) 0000  0000000000000000 (  68)                 .FILL x0000
(3070) 0000  0000000000000000 (  68)                 .FILL x0000
(3071) 0000  0000000000000000 (  68)                 .FILL x0000
(3072) 0000  0000000000000000 (  68)                 .FILL x0000
(3073) 0000  0000000000000000 (  68)                 .FILL x0000
(3074) 0000  0000000000000000 (  68)                 .FILL x0000
(3075) 0000  0000000000000000 (  68)                 .FILL x0000
(3076) 0000  0000000000000000 (  68)                 .FILL x0000
(3077) 0000  0000000000000000 (  68)                 .FILL x0000
(3078) 0000  0000000000000000 (  68)                 .FILL x0000
(3079) 0000  0000000000000000 (  68)                 .FILL x0000
(307A) 0000  0000000000000000 (  68)                 .FILL x0000
(307B) 0000  0000000000000000 (  68)                 .FILL x0000
(307C) 0000  0000000000000000 (  68)                 .FILL x0000
