(0000) 3500  0011010100000000 (   1)                 .ORIG x3500
(3500) 3211  0011001000010001 (   3)                 ST    R1 SAVER1
(3501) 3411  0011010000010001 (   4)                 ST    R2 SAVER2
(3502) 3A11  0011101000010001 (   5)                 ST    R5 SAVER5
(3503) A00C  1010000000001100 (   8)                 LDI   R0 KBDR
(3504) A20A  1010001000001010 (  11)                 LDI   R1 KBSR
(3505) 2410  0010010000010000 (  15)                 LD    R2 subtract
(3506) 5242  0101001001000010 (  16)                 AND   R1 R1 R2
(3507) B207  1011001000000111 (  17)                 STI   R1 KBSR
(3508) 2209  0010001000001001 (  18)                 LD    R1 SAVER1
(3509) AA07  1010101000000111 (  20)                 LDI   R5 RETURN
(350A) 7B80  0111101110000000 (  21)                 STR   R5 R6 #0
(350B) 2407  0010010000000111 (  22)                 LD    R2 SAVER2
(350C) 2A07  0010101000000111 (  23)                 LD    R5 SAVER5
(350D) 8000  1000000000000000 (  24)                 RTI   
(350E) 0000  0000000000000000 (  26) BLANK           .FILL x0000
(350F) FE00  1111111000000000 (  27) KBSR            .FILL xFE00
(3510) FE02  1111111000000010 (  28) KBDR            .FILL xFE02
(3511) 32FF  0011001011111111 (  29) RETURN          .FILL x32FF
(3512) 0000  0000000000000000 (  30) SAVER1          .FILL x0000
(3513) 0000  0000000000000000 (  31) SAVER2          .FILL x0000
(3514) 0000  0000000000000000 (  32) SAVER5          .FILL x0000
(3515) 4000  0100000000000000 (  33) Bit_14          .FILL x4000
(3516) BFFF  1011111111111111 (  34) subtract        .FILL xBFFF
