(0000) 3300  0011001100000000 (   1)                 .ORIG x3300
(3300) BE0D  1011111000001101 (   3)                 STI   R7 Mem_Loc
(3301) 340F  0011010000001111 (   4)                 ST    R2 SAVER2
(3302) 360F  0011011000001111 (   5)                 ST    R3 SAVER3
(3303) A60C  1010011000001100 (   9)                 LDI   R3 KBSR
(3304) 240A  0010010000001010 (  10)                 LD    R2 Bit14
(3305) 5483  0101010010000011 (  11)                 AND   R2 R2 R3
(3306) 0203  0000001000000011 (  12)                 BRP   Done
(3307) 2407  0010010000000111 (  13)                 LD    R2 Bit14
(3308) 16C2  0001011011000010 (  14)                 ADD   R3 R3 R2
(3309) B606  1011011000000110 (  15)                 STI   R3 KBSR
(330A) 2E08  0010111000001000 (  16) Done            LD    R7 USE2
(330B) 2405  0010010000000101 (  17)                 LD    R2 SAVER2
(330C) 2605  0010011000000101 (  18)                 LD    R3 SAVER3
(330D) C1C0  1100000111000000 (  19)                 RET   
(330E) 32FF  0011001011111111 (  22) Mem_Loc         .FILL x32FF
(330F) 4000  0100000000000000 (  23) Bit14           .FILL x4000
(3310) FE00  1111111000000000 (  24) KBSR            .FILL xFE00
(3311) 0000  0000000000000000 (  25) SAVER2          .FILL x0000
(3312) 0000  0000000000000000 (  26) SAVER3          .FILL x0000
(3313) 3400  0011010000000000 (  27) USE2            .FILL x3400
